build/app/intermediates/manifest_merge_blame_file/debug/manifest-merger-blame-debug-report.txt
1<?xml version="1.0" encoding="utf-8"?>
2<manifest xmlns:android="http://schemas.android.com/apk/res/android"
3    package="com.fynzon"
4    android:versionCode="1"
5    android:versionName="1.0.0" >
6
7    <uses-sdk
8        android:minSdkVersion="21"
9        android:targetSdkVersion="30" />
10    <!--
11         Flutter needs it to communicate with the running application
12         to allow setting breakpoints, to provide hot reload, etc.
13    -->
14    <uses-permission android:name="android.permission.INTERNET" />
14-->src/main/AndroidManifest.xml:4:5-67
14-->src/main/AndroidManifest.xml:4:22-64
15    <uses-permission android:name="android.permission.READ_EXTERNAL_STORAGE" />
15-->[:image_picker] AndroidManifest.xml:7:5-80
15-->[:image_picker] AndroidManifest.xml:7:22-77
16    <uses-permission android:name="android.permission.WRITE_EXTERNAL_STORAGE" />
16-->[:image_picker] AndroidManifest.xml:8:5-81
16-->[:image_picker] AndroidManifest.xml:8:22-78
17    <uses-permission android:name="android.permission.ACCESS_NETWORK_STATE" />
17-->[:connectivity] AndroidManifest.xml:7:5-79
17-->[:connectivity] AndroidManifest.xml:7:22-76
18    <uses-permission android:name="android.permission.ACCESS_WIFI_STATE" />
18-->[:connectivity] AndroidManifest.xml:8:5-76
18-->[:connectivity] AndroidManifest.xml:8:22-73
19    <uses-permission android:name="android.permission.CAMERA" />
19-->[:camera] AndroidManifest.xml:7:5-65
19-->[:camera] AndroidManifest.xml:7:22-62
20    <uses-permission android:name="android.permission.RECORD_AUDIO" />
20-->[:camera] AndroidManifest.xml:8:5-71
20-->[:camera] AndroidManifest.xml:8:22-68
21    <!--
22 io.flutter.app.FlutterApplication is an android.app.Application that
23         calls FlutterMain.startInitialization(this); in its onCreate method.
24         In most cases you can leave this as-is, but you if you want to provide
25         additional functionality it is fine to subclass or reimplement
26         FlutterApplication and put your custom class here.
27    -->
28    <application
28-->src/main/AndroidManifest.xml:10:5-59:19
29        android:name="io.flutter.app.FlutterApplication"
29-->src/main/AndroidManifest.xml:11:9-57
30        android:appComponentFactory="androidx.core.app.CoreComponentFactory"
30-->[androidx.core:core:1.1.0] AndroidManifest.xml:24:18-86
31        android:debuggable="true"
32        android:icon="@mipmap/ic_launcher"
32-->src/main/AndroidManifest.xml:13:9-43
33        android:label="Fynzon"
33-->src/main/AndroidManifest.xml:12:9-31
34        android:usesCleartextTraffic="true" >
34-->src/main/AndroidManifest.xml:14:9-44
35
36        <!-- android:usesCleartextTraffic="true" -->
37
38        <activity
38-->src/main/AndroidManifest.xml:18:9-49:20
39            android:name="com.example.fyn_zon.MainActivity"
39-->src/main/AndroidManifest.xml:19:13-41
40            android:configChanges="orientation|keyboardHidden|keyboard|screenSize|smallestScreenSize|locale|layoutDirection|fontScale|screenLayout|density|uiMode"
40-->src/main/AndroidManifest.xml:22:13-163
41            android:hardwareAccelerated="true"
41-->src/main/AndroidManifest.xml:23:13-47
42            android:launchMode="singleTop"
42-->src/main/AndroidManifest.xml:20:13-43
43            android:theme="@style/LaunchTheme"
43-->src/main/AndroidManifest.xml:21:13-47
44            android:windowSoftInputMode="adjustResize" >
44-->src/main/AndroidManifest.xml:24:13-55
45
46            <!--
47                 Specifies an Android theme to apply to this Activity as soon as
48                 the Android process has started. This theme is visible to the user
49                 while the Flutter UI initializes. After that, this theme continues
50                 to determine the Window background behind the Flutter UI.
51            -->
52
53            <meta-data
53-->src/main/AndroidManifest.xml:32:13-35:17
54                android:name="io.flutter.embedding.android.NormalTheme"
54-->src/main/AndroidManifest.xml:33:15-70
55                android:resource="@style/NormalTheme" />
55-->src/main/AndroidManifest.xml:34:15-52
56            <!--
57                 Displays an Android View that continues showing the launch screen
58                 Drawable until Flutter paints its first frame, then this splash
59                 screen fades out. A splash screen is useful to avoid any visual
60                 gap between the end of Android's launch screen and the painting of
61                 Flutter's first frame.
62            -->
63            <meta-data
63-->src/main/AndroidManifest.xml:41:13-44:17
64                android:name="io.flutter.embedding.android.SplashScreenDrawable"
64-->src/main/AndroidManifest.xml:42:15-79
65                android:resource="@drawable/launch_background" />
65-->src/main/AndroidManifest.xml:43:15-61
66
67            <intent-filter>
67-->src/main/AndroidManifest.xml:45:13-48:29
68                <action android:name="android.intent.action.MAIN" />
68-->src/main/AndroidManifest.xml:46:17-68
68-->src/main/AndroidManifest.xml:46:25-66
69
70                <category android:name="android.intent.category.LAUNCHER" />
70-->src/main/AndroidManifest.xml:47:17-76
70-->src/main/AndroidManifest.xml:47:27-74
71            </intent-filter>
72        </activity>
73        <!--
74             Don't delete the meta-data below.
75             This is used by the Flutter tool to generate GeneratedPluginRegistrant.java
76        -->
77        <meta-data
77-->src/main/AndroidManifest.xml:52:9-54:33
78            android:name="flutterEmbedding"
78-->src/main/AndroidManifest.xml:53:13-44
79            android:value="2" />
79-->src/main/AndroidManifest.xml:54:13-30
80
81        <activity
81-->src/main/AndroidManifest.xml:55:9-58:71
82            android:name="com.yalantis.ucrop.UCropActivity"
82-->src/main/AndroidManifest.xml:56:13-60
83            android:screenOrientation="portrait"
83-->src/main/AndroidManifest.xml:57:13-49
84            android:theme="@style/Theme.AppCompat.Light.NoActionBar" />
84-->src/main/AndroidManifest.xml:58:13-69
85
86        <service
86-->[:firebase_auth] AndroidManifest.xml:8:9-12:19
87            android:name="com.google.firebase.components.ComponentDiscoveryService"
87-->[:firebase_auth] AndroidManifest.xml:8:18-89
88            android:directBootAware="true"
88-->[com.google.firebase:firebase-common:19.5.0] AndroidManifest.xml:35:13-43
89            android:exported="false" >
89-->[com.google.firebase:firebase-auth:20.0.1] AndroidManifest.xml:76:13-37
90            <meta-data
90-->[:firebase_auth] AndroidManifest.xml:9:13-11:85
91                android:name="com.google.firebase.components:io.flutter.plugins.firebase.auth.FlutterFirebaseAuthRegistrar"
91-->[:firebase_auth] AndroidManifest.xml:10:17-124
92                android:value="com.google.firebase.components.ComponentRegistrar" />
92-->[:firebase_auth] AndroidManifest.xml:11:17-82
93            <meta-data
93-->[:firebase_core] AndroidManifest.xml:9:13-11:85
94                android:name="com.google.firebase.components:io.flutter.plugins.firebase.core.FlutterFirebaseCoreRegistrar"
94-->[:firebase_core] AndroidManifest.xml:10:17-124
95                android:value="com.google.firebase.components.ComponentRegistrar" />
95-->[:firebase_core] AndroidManifest.xml:11:17-82
96            <meta-data
96-->[com.google.firebase:firebase-auth:20.0.1] AndroidManifest.xml:77:13-79:85
97                android:name="com.google.firebase.components:com.google.firebase.auth.FirebaseAuthRegistrar"
97-->[com.google.firebase:firebase-auth:20.0.1] AndroidManifest.xml:78:17-109
98                android:value="com.google.firebase.components.ComponentRegistrar" />
98-->[com.google.firebase:firebase-auth:20.0.1] AndroidManifest.xml:79:17-82
99            <!--
100                This registrar is not defined in the dynamic-module-support sdk itself to allow non-firebase
101                clients to use it as well, by defining this registrar in their own core/common library.
102            -->
103            <meta-data
103-->[com.google.firebase:firebase-common:19.5.0] AndroidManifest.xml:43:13-45:85
104                android:name="com.google.firebase.components:com.google.firebase.dynamicloading.DynamicLoadingRegistrar"
104-->[com.google.firebase:firebase-common:19.5.0] AndroidManifest.xml:44:17-121
105                android:value="com.google.firebase.components.ComponentRegistrar" />
105-->[com.google.firebase:firebase-common:19.5.0] AndroidManifest.xml:45:17-82
106        </service>
107
108        <provider
108-->[:image_picker] AndroidManifest.xml:11:9-19:20
109            android:name="io.flutter.plugins.imagepicker.ImagePickerFileProvider"
109-->[:image_picker] AndroidManifest.xml:12:13-82
110            android:authorities="com.fynzon.flutter.image_provider"
110-->[:image_picker] AndroidManifest.xml:13:13-74
111            android:exported="false"
111-->[:image_picker] AndroidManifest.xml:14:13-37
112            android:grantUriPermissions="true" >
112-->[:image_picker] AndroidManifest.xml:15:13-47
113            <meta-data
113-->[:image_picker] AndroidManifest.xml:16:13-18:75
114                android:name="android.support.FILE_PROVIDER_PATHS"
114-->[:image_picker] AndroidManifest.xml:17:17-67
115                android:resource="@xml/flutter_image_picker_file_paths" />
115-->[:image_picker] AndroidManifest.xml:18:17-72
116        </provider>
117
118        <activity
118-->[:url_launcher] AndroidManifest.xml:8:9-11:74
119            android:name="io.flutter.plugins.urllauncher.WebViewActivity"
119-->[:url_launcher] AndroidManifest.xml:9:13-74
120            android:exported="false"
120-->[:url_launcher] AndroidManifest.xml:10:13-37
121            android:theme="@android:style/Theme.NoTitleBar.Fullscreen" />
121-->[:url_launcher] AndroidManifest.xml:11:13-71
122        <activity
122-->[com.google.firebase:firebase-auth:20.0.1] AndroidManifest.xml:27:9-44:20
123            android:name="com.google.firebase.auth.internal.GenericIdpActivity"
123-->[com.google.firebase:firebase-auth:20.0.1] AndroidManifest.xml:28:13-80
124            android:excludeFromRecents="true"
124-->[com.google.firebase:firebase-auth:20.0.1] AndroidManifest.xml:29:13-46
125            android:exported="true"
125-->[com.google.firebase:firebase-auth:20.0.1] AndroidManifest.xml:30:13-36
126            android:launchMode="singleTask"
126-->[com.google.firebase:firebase-auth:20.0.1] AndroidManifest.xml:31:13-44
127            android:theme="@android:style/Theme.Translucent.NoTitleBar" >
127-->[com.google.firebase:firebase-auth:20.0.1] AndroidManifest.xml:32:13-72
128            <intent-filter>
128-->[com.google.firebase:firebase-auth:20.0.1] AndroidManifest.xml:33:13-43:29
129                <action android:name="android.intent.action.VIEW" />
129-->[com.google.firebase:firebase-auth:20.0.1] AndroidManifest.xml:34:17-69
129-->[com.google.firebase:firebase-auth:20.0.1] AndroidManifest.xml:34:25-66
130
131                <category android:name="android.intent.category.DEFAULT" />
131-->[com.google.firebase:firebase-auth:20.0.1] AndroidManifest.xml:36:17-76
131-->[com.google.firebase:firebase-auth:20.0.1] AndroidManifest.xml:36:27-73
132                <category android:name="android.intent.category.BROWSABLE" />
132-->[com.google.firebase:firebase-auth:20.0.1] AndroidManifest.xml:37:17-78
132-->[com.google.firebase:firebase-auth:20.0.1] AndroidManifest.xml:37:27-75
133
134                <data
134-->[com.google.firebase:firebase-auth:20.0.1] AndroidManifest.xml:39:17-42:51
135                    android:host="firebase.auth"
135-->[com.google.firebase:firebase-auth:20.0.1] AndroidManifest.xml:40:21-49
136                    android:path="/"
136-->[com.google.firebase:firebase-auth:20.0.1] AndroidManifest.xml:41:21-37
137                    android:scheme="genericidp" />
137-->[com.google.firebase:firebase-auth:20.0.1] AndroidManifest.xml:42:21-48
138            </intent-filter>
139        </activity>
140        <activity
140-->[com.google.firebase:firebase-auth:20.0.1] AndroidManifest.xml:45:9-62:20
141            android:name="com.google.firebase.auth.internal.RecaptchaActivity"
141-->[com.google.firebase:firebase-auth:20.0.1] AndroidManifest.xml:46:13-79
142            android:excludeFromRecents="true"
142-->[com.google.firebase:firebase-auth:20.0.1] AndroidManifest.xml:47:13-46
143            android:exported="true"
143-->[com.google.firebase:firebase-auth:20.0.1] AndroidManifest.xml:48:13-36
144            android:launchMode="singleTask"
144-->[com.google.firebase:firebase-auth:20.0.1] AndroidManifest.xml:49:13-44
145            android:theme="@android:style/Theme.Translucent.NoTitleBar" >
145-->[com.google.firebase:firebase-auth:20.0.1] AndroidManifest.xml:50:13-72
146            <intent-filter>
146-->[com.google.firebase:firebase-auth:20.0.1] AndroidManifest.xml:51:13-61:29
147                <action android:name="android.intent.action.VIEW" />
147-->[com.google.firebase:firebase-auth:20.0.1] AndroidManifest.xml:34:17-69
147-->[com.google.firebase:firebase-auth:20.0.1] AndroidManifest.xml:34:25-66
148
149                <category android:name="android.intent.category.DEFAULT" />
149-->[com.google.firebase:firebase-auth:20.0.1] AndroidManifest.xml:36:17-76
149-->[com.google.firebase:firebase-auth:20.0.1] AndroidManifest.xml:36:27-73
150                <category android:name="android.intent.category.BROWSABLE" />
150-->[com.google.firebase:firebase-auth:20.0.1] AndroidManifest.xml:37:17-78
150-->[com.google.firebase:firebase-auth:20.0.1] AndroidManifest.xml:37:27-75
151
152                <data
152-->[com.google.firebase:firebase-auth:20.0.1] AndroidManifest.xml:39:17-42:51
153                    android:host="firebase.auth"
153-->[com.google.firebase:firebase-auth:20.0.1] AndroidManifest.xml:40:21-49
154                    android:path="/"
154-->[com.google.firebase:firebase-auth:20.0.1] AndroidManifest.xml:41:21-37
155                    android:scheme="recaptcha" />
155-->[com.google.firebase:firebase-auth:20.0.1] AndroidManifest.xml:42:21-48
156            </intent-filter>
157        </activity>
158
159        <service
159-->[com.google.firebase:firebase-auth:20.0.1] AndroidManifest.xml:64:9-73:19
160            android:name="com.google.firebase.auth.api.fallback.service.FirebaseAuthFallbackService"
160-->[com.google.firebase:firebase-auth:20.0.1] AndroidManifest.xml:65:13-101
161            android:enabled="true"
161-->[com.google.firebase:firebase-auth:20.0.1] AndroidManifest.xml:66:13-35
162            android:exported="false" >
162-->[com.google.firebase:firebase-auth:20.0.1] AndroidManifest.xml:67:13-37
163            <intent-filter>
163-->[com.google.firebase:firebase-auth:20.0.1] AndroidManifest.xml:68:13-72:29
164                <action android:name="com.google.firebase.auth.api.gms.service.START" />
164-->[com.google.firebase:firebase-auth:20.0.1] AndroidManifest.xml:69:17-89
164-->[com.google.firebase:firebase-auth:20.0.1] AndroidManifest.xml:69:25-86
165
166                <category android:name="android.intent.category.DEFAULT" />
166-->[com.google.firebase:firebase-auth:20.0.1] AndroidManifest.xml:36:17-76
166-->[com.google.firebase:firebase-auth:20.0.1] AndroidManifest.xml:36:27-73
167            </intent-filter>
168        </service>
169
170        <provider
170-->[com.google.firebase:firebase-common:19.5.0] AndroidManifest.xml:26:9-31:39
171            android:name="com.google.firebase.provider.FirebaseInitProvider"
171-->[com.google.firebase:firebase-common:19.5.0] AndroidManifest.xml:27:13-77
172            android:authorities="com.fynzon.firebaseinitprovider"
172-->[com.google.firebase:firebase-common:19.5.0] AndroidManifest.xml:28:13-72
173            android:directBootAware="true"
173-->[com.google.firebase:firebase-common:19.5.0] AndroidManifest.xml:29:13-43
174            android:exported="false"
174-->[com.google.firebase:firebase-common:19.5.0] AndroidManifest.xml:30:13-37
175            android:initOrder="100" />
175-->[com.google.firebase:firebase-common:19.5.0] AndroidManifest.xml:31:13-36
176
177        <activity
177-->[com.google.android.gms:play-services-base:17.1.0] AndroidManifest.xml:23:9-26:75
178            android:name="com.google.android.gms.common.api.GoogleApiActivity"
178-->[com.google.android.gms:play-services-base:17.1.0] AndroidManifest.xml:24:13-79
179            android:exported="false"
179-->[com.google.android.gms:play-services-base:17.1.0] AndroidManifest.xml:25:13-37
180            android:theme="@android:style/Theme.Translucent.NoTitleBar" />
180-->[com.google.android.gms:play-services-base:17.1.0] AndroidManifest.xml:26:13-72
181
182        <meta-data
182-->[com.google.android.gms:play-services-basement:17.1.0] AndroidManifest.xml:23:9-25:69
183            android:name="com.google.android.gms.version"
183-->[com.google.android.gms:play-services-basement:17.1.0] AndroidManifest.xml:24:13-58
184            android:value="@integer/google_play_services_version" />
184-->[com.google.android.gms:play-services-basement:17.1.0] AndroidManifest.xml:25:13-66
185    </application>
186
187</manifest>